<?xml version="1.0" ?>
<coverage branch-rate="0.5" line-rate="0.7727" timestamp="1453897523226" version="4.0.3">
  <!-- Generated by coverage.py: https://coverage.readthedocs.org -->
  <!-- Based on https://raw.githubusercontent.com/cobertura/web/f0366e5e2cf18f111cbd61fc34ef720a6584ba02/htdocs/xml/coverage-03.dtd -->
  <sources>
    <source>/root/workspace/src/github.com/sreyaj/sample_python</source>
  </sources>
  <packages>
    <package branch-rate="0.5" complexity="0" line-rate="0.7727" name=".">
      <classes>
        <class branch-rate="0.5" complexity="0" filename="app.py" line-rate="0.7273" name="app.py">
          <methods/>
          <lines>
            <line hits="1" number="9"/>
            <line branch="true" condition-coverage="50% (1/2)" hits="1" missing-branches="12" number="11"/>
            <line hits="0" number="13"/>
            <line hits="0" number="14"/>
          </lines>
        </class>
        <class branch-rate="0.5" complexity="0" filename="test.py" line-rate="0.8182" name="test.py">
          <methods/>
          <lines>
            <line hits="0" number="13"/>
            <line branch="true" condition-coverage="50% (1/2)" hits="1" missing-branches="16" number="15"/>
            <line hits="0" number="16"/>
          </lines>
        </class>
      </classes>
    </package>
  </packages>
</coverage>
